[debug] [2022-06-21T11:36:26.429Z] ----------------------------------------------------------------------
[debug] [2022-06-21T11:36:26.436Z] Command:       /usr/local/bin/node /usr/local/bin/firebase init
[debug] [2022-06-21T11:36:26.438Z] CLI Version:   11.1.0
[debug] [2022-06-21T11:36:26.438Z] Platform:      darwin
[debug] [2022-06-21T11:36:26.439Z] Node Version:  v16.15.1
[debug] [2022-06-21T11:36:26.441Z] Time:          Tue Jun 21 2022 17:06:26 GMT+0530 (India Standard Time)
[debug] [2022-06-21T11:36:26.443Z] ----------------------------------------------------------------------
[debug] 
[debug] [2022-06-21T11:36:26.469Z] > command requires scopes: ["email","openid","https://www.googleapis.com/auth/cloudplatformprojects.readonly","https://www.googleapis.com/auth/firebase","https://www.googleapis.com/auth/cloud-platform"]
[debug] [2022-06-21T11:36:26.470Z] > authorizing via signed-in user (chetonix@gmail.com)
[info] 
     ######## #### ########  ######## ########     ###     ######  ########
     ##        ##  ##     ## ##       ##     ##  ##   ##  ##       ##
     ######    ##  ########  ######   ########  #########  ######  ######
     ##        ##  ##    ##  ##       ##     ## ##     ##       ## ##
     ##       #### ##     ## ######## ########  ##     ##  ######  ########

You're about to initialize a Firebase project in this directory:

  /Users/chetonix/Documents/tutorials/sonny-sangha/linkedin-clone

[info] 
=== Project Setup
[info] 
[info] First, let's associate this project directory with a Firebase project.
[info] You can create multiple project aliases by running firebase use --add, 
[info] but for now we'll just set up a default project.
[info] 
[debug] [2022-06-21T11:39:29.867Z] >>> [apiv2][query] GET https://firebase.googleapis.com/v1beta1/projects pageSize=100
[debug] [2022-06-21T11:39:38.631Z] <<< [apiv2][status] GET https://firebase.googleapis.com/v1beta1/projects 200
[debug] [2022-06-21T11:39:38.632Z] <<< [apiv2][body] GET https://firebase.googleapis.com/v1beta1/projects [omitted]
[info] i  Using project linkedin-clone-eb697 (linkedin-clone) 
[info] 
=== Database Setup
[info] i  database: ensuring required API firebasedatabase.googleapis.com is enabled... 
[debug] [2022-06-21T11:39:47.077Z] >>> [apiv2][query] GET https://serviceusage.googleapis.com/v1/projects/linkedin-clone-eb697/services/firebasedatabase.googleapis.com [none]
[debug] [2022-06-21T11:39:50.845Z] <<< [apiv2][status] GET https://serviceusage.googleapis.com/v1/projects/linkedin-clone-eb697/services/firebasedatabase.googleapis.com 200
[debug] [2022-06-21T11:39:50.845Z] <<< [apiv2][body] GET https://serviceusage.googleapis.com/v1/projects/linkedin-clone-eb697/services/firebasedatabase.googleapis.com [omitted]
[warn] ⚠  database: missing required API firebasedatabase.googleapis.com. Enabling now... 
[debug] [2022-06-21T11:39:50.847Z] >>> [apiv2][query] POST https://serviceusage.googleapis.com/v1/projects/linkedin-clone-eb697/services/firebasedatabase.googleapis.com:enable [none]
[debug] [2022-06-21T11:39:53.533Z] <<< [apiv2][status] POST https://serviceusage.googleapis.com/v1/projects/linkedin-clone-eb697/services/firebasedatabase.googleapis.com:enable 200
[debug] [2022-06-21T11:39:53.533Z] <<< [apiv2][body] POST https://serviceusage.googleapis.com/v1/projects/linkedin-clone-eb697/services/firebasedatabase.googleapis.com:enable [omitted]
[debug] [2022-06-21T11:40:03.538Z] >>> [apiv2][query] GET https://serviceusage.googleapis.com/v1/projects/linkedin-clone-eb697/services/firebasedatabase.googleapis.com [none]
[debug] [2022-06-21T11:40:06.961Z] <<< [apiv2][status] GET https://serviceusage.googleapis.com/v1/projects/linkedin-clone-eb697/services/firebasedatabase.googleapis.com 200
[debug] [2022-06-21T11:40:06.961Z] <<< [apiv2][body] GET https://serviceusage.googleapis.com/v1/projects/linkedin-clone-eb697/services/firebasedatabase.googleapis.com [omitted]
[info] ✔  database: required API firebasedatabase.googleapis.com is enabled 
[info] 
[debug] [2022-06-21T11:40:06.971Z] >>> [apiv2][query] GET https://firebase.googleapis.com/v1beta1/projects/linkedin-clone-eb697 [none]
[debug] [2022-06-21T11:40:07.672Z] <<< [apiv2][status] GET https://firebase.googleapis.com/v1beta1/projects/linkedin-clone-eb697 200
[debug] [2022-06-21T11:40:07.675Z] <<< [apiv2][body] GET https://firebase.googleapis.com/v1beta1/projects/linkedin-clone-eb697 {"projectId":"linkedin-clone-eb697","projectNumber":"704870085279","displayName":"linkedin-clone","name":"projects/linkedin-clone-eb697","resources":{"hostingSite":"linkedin-clone-eb697","storageBucket":"linkedin-clone-eb697.appspot.com","locationId":"us-central"},"state":"ACTIVE"}
[debug] [2022-06-21T11:40:39.186Z] >>> [apiv2][query] POST https://firebasedatabase.googleapis.com/v1beta/projects/linkedin-clone-eb697/locations/asia-southeast1/instances databaseId=linkedin-clone-eb697-default-rtdb&validateOnly=true
[debug] [2022-06-21T11:40:39.186Z] >>> [apiv2][body] POST https://firebasedatabase.googleapis.com/v1beta/projects/linkedin-clone-eb697/locations/asia-southeast1/instances {"type":"default_database"}
[debug] [2022-06-21T11:40:49.191Z] Invalid Realtime Database instance name: linkedin-clone-eb697-default-rtdb. Timeout reached making request to https://firebasedatabase.googleapis.com/v1beta/projects/linkedin-clone-eb697/locations/asia-southeast1/instances?databaseId=linkedin-clone-eb697-default-rtdb&validateOnly=true
[debug] [2022-06-21T11:40:50.691Z] TypeError: Cannot read properties of undefined (reading 'body')
    at checkInstanceNameAvailable (/usr/local/lib/node_modules/firebase-tools/lib/management/database.js:106:37)
    at processTicksAndRejections (node:internal/process/task_queues:96:5)
    at async createDefaultDatabaseInstance (/usr/local/lib/node_modules/firebase-tools/lib/init/features/database.js:49:25)
    at async doSetup (/usr/local/lib/node_modules/firebase-tools/lib/init/features/database.js:88:35)
    at async init (/usr/local/lib/node_modules/firebase-tools/lib/init/index.js:36:9)
[error] 
[error] Error: An unexpected error has occurred.
